<?xml version="1.0" encoding="UTF-8"?>
<!-- Generated by org.testng.reporters.JUnitReportReporter -->
<testsuite skipped="0" hostname="TC-MacbookAir" name="Data.UsingExcel" tests="2" failures="0" timestamp="2020-08-12T16:14:09 EDT" time="2.379" errors="0">
  <testcase name="testUsindExcel" time="0.414" classname="Data.UsingExcel"/>
  <system-out/>
  <testcase name="testUsindExcel" time="1.965" classname="Data.UsingExcel"/>
  <system-out/>
</testsuite> <!-- Data.UsingExcel -->
