<?xml version="1.0" encoding="UTF-8"?>
<!-- Generated by org.testng.reporters.JUnitReportReporter -->
<testsuite skipped="0" hostname="TC-MacbookAir" name="reports.SeleniumLoginTest2" tests="1" failures="0" timestamp="2020-08-06T12:12:16 EDT" time="52.690" errors="0">
  <testcase name="test1_validLoginTest" time="52.690" classname="reports.SeleniumLoginTest2"/>
  <system-out/>
</testsuite> <!-- reports.SeleniumLoginTest2 -->
