<?xml version="1.0" encoding="UTF-8"?>
<!-- Generated by org.testng.reporters.JUnitReportReporter -->
<testsuite skipped="0" hostname="TC-MacbookAir" name="reports.SeleniumLoginTest3" tests="1" failures="0" timestamp="2020-08-10T13:09:10 EDT" time="10.214" errors="0">
  <testcase name="test1_validLoginTest" time="10.214" classname="reports.SeleniumLoginTest3"/>
  <system-out/>
</testsuite> <!-- reports.SeleniumLoginTest3 -->
