<?xml version="1.0" encoding="UTF-8"?>
<!-- Generated by org.testng.reporters.JUnitReportReporter -->
<testsuite skipped="0" hostname="TC-MacbookAir" name="Data.UsingExcel_SingleDataSet" tests="1" failures="0" timestamp="2020-08-12T18:01:06 EDT" time="3.958" errors="0">
  <testcase name="testUsingExcel" time="3.958" classname="Data.UsingExcel_SingleDataSet"/>
  <system-out/>
</testsuite> <!-- Data.UsingExcel_SingleDataSet -->
