<?xml version="1.0" encoding="UTF-8"?>
<!-- Generated by org.testng.reporters.JUnitReportReporter -->
<testsuite skipped="0" hostname="TC-MacbookAir" name="reports.Login" tests="1" failures="0" timestamp="2020-08-11T15:07:29 EDT" time="8.781" errors="0">
  <testcase name="test1_validLoginTest" time="8.781" classname="reports.Login"/>
  <system-out/>
</testsuite> <!-- reports.Login -->
