<?xml version="1.0" encoding="UTF-8"?>
<!-- Generated by org.testng.reporters.JUnitReportReporter -->
<testsuite skipped="0" hostname="TC-MacbookAir" name="reports.SeleniumLoginTest2" tests="1" failures="0" timestamp="2020-08-05T18:07:53 EDT" time="8.282" errors="0">
  <testcase name="test1_validLoginTest" time="8.282" classname="reports.SeleniumLoginTest2"/>
  <system-out/>
</testsuite> <!-- reports.SeleniumLoginTest2 -->
