<?xml version="1.0" encoding="UTF-8"?>
<!-- Generated by org.testng.reporters.JUnitReportReporter -->
<testsuite hostname="DESKTOP-GK9NPT3" failures="0" tests="1" name="com.expedia.flightbooking.AppTest" time="0.010" errors="0" timestamp="2020-09-21T20:28:40 EDT" skipped="0">
  <testcase classname="com.expedia.flightbooking.AppTest" name="shouldAnswerWithTrue" time="0.010"/>
  <system-out/>
</testsuite> <!-- com.expedia.flightbooking.AppTest -->
