<?xml version="1.0" encoding="UTF-8"?>
<!-- Generated by org.testng.reporters.JUnitReportReporter -->
<testsuite hostname="TC-MacbookAir" failures="0" tests="1" name="com.expedia.flightbooking.AppTest" time="0.026" errors="0" timestamp="2020-09-16T18:31:15 EDT" skipped="0">
  <testcase classname="com.expedia.flightbooking.AppTest" name="shouldAnswerWithTrue" time="0.026"/>
  <system-out/>
</testsuite> <!-- com.expedia.flightbooking.AppTest -->
