<?xml version="1.0" encoding="UTF-8"?>
<!-- Generated by org.testng.reporters.JUnitReportReporter -->
<testsuite hostname="DESKTOP-GK9NPT3" failures="0" tests="4" name="com.expedia.flightbooking.TestNG_Grouping" time="0.016" errors="0" timestamp="2020-09-23T15:21:31 EDT" skipped="0">
  <testcase classname="com.expedia.flightbooking.TestNG_Grouping" name="BMW3Series" time="0.002"/>
  <system-out/>
  <testcase classname="com.expedia.flightbooking.TestNG_Grouping" name="HondaAccord" time="0.002"/>
  <system-out/>
  <testcase classname="com.expedia.flightbooking.TestNG_Grouping" name="BMWX3" time="0.000"/>
  <system-out/>
  <testcase classname="com.expedia.flightbooking.TestNG_Grouping" name="AudiA6" time="0.012"/>
  <system-out/>
</testsuite> <!-- com.expedia.flightbooking.TestNG_Grouping -->
