<?xml version="1.0" encoding="UTF-8"?>
<!-- Generated by org.testng.reporters.JUnitReportReporter -->
<testsuite skipped="0" hostname="TC-MacbookAir" name="testclasses.TestNGPreserve2" tests="4" failures="0" timestamp="2020-07-13T16:00:51 EDT" time="0.035" errors="0">
  <testcase name="testMethod1" time="0.016" classname="testclasses.TestNGPreserve2"/>
  <system-out/>
  <testcase name="testMethod2" time="0.011" classname="testclasses.TestNGPreserve2"/>
  <system-out/>
  <testcase name="testMethod1" time="0.004" classname="testclasses.TestNGPreserve2"/>
  <system-out/>
  <testcase name="testMethod2" time="0.004" classname="testclasses.TestNGPreserve2"/>
  <system-out/>
</testsuite> <!-- testclasses.TestNGPreserve2 -->
