<?xml version="1.0" encoding="UTF-8"?>
<!-- Generated by org.testng.reporters.JUnitReportReporter -->
<testsuite skipped="0" hostname="TC-MacbookAir" name="testclasses.TestNGDataProviders" tests="3" failures="0" timestamp="2020-07-16T07:41:24 EDT" time="0.020" errors="0">
  <testcase name="testMethod1" time="0.014" classname="testclasses.TestNGDataProviders"/>
  <system-out/>
  <testcase name="testMethod1" time="0.004" classname="testclasses.TestNGDataProviders"/>
  <system-out/>
  <testcase name="testMethod1" time="0.002" classname="testclasses.TestNGDataProviders"/>
  <system-out/>
</testsuite> <!-- testclasses.TestNGDataProviders -->
