<?xml version="1.0" encoding="UTF-8"?>
<!-- Generated by org.testng.reporters.JUnitReportReporter -->
<testsuite skipped="0" hostname="TC-MacbookAir" name="testclasses.TestAnnotation" tests="3" failures="0" timestamp="2020-07-08T10:01:04 EDT" time="0.024" errors="0">
  <testcase name="testMethod1" time="0.019" classname="testclasses.TestAnnotation"/>
  <system-out/>
  <testcase name="testMethod3" time="0.002" classname="testclasses.TestAnnotation"/>
  <system-out/>
  <testcase name="testMethod2" time="0.003" classname="testclasses.TestAnnotation"/>
  <system-out/>
</testsuite> <!-- testclasses.TestAnnotation -->
