<?xml version="1.0" encoding="UTF-8"?>
<!-- Generated by org.testng.reporters.JUnitReportReporter -->
<testsuite skipped="0" hostname="TC-MacbookAir" name="testclasses.TestNGGrouping" tests="2" failures="0" timestamp="2020-07-13T13:31:30 EDT" time="0.016" errors="0">
  <testcase name="testAudiA6" time="0.010" classname="testclasses.TestNGGrouping"/>
  <system-out/>
  <testcase name="testBMWX6" time="0.006" classname="testclasses.TestNGGrouping"/>
  <system-out/>
</testsuite> <!-- testclasses.TestNGGrouping -->
