<?xml version="1.0" encoding="UTF-8"?>
<!-- Generated by org.testng.reporters.JUnitReportReporter -->
<testsuite skipped="1" hostname="TC-MacbookAir" name="testclasses.TestNGEnableTimeout" tests="2" failures="0" timestamp="2020-07-13T15:49:23 EDT" time="0.220" errors="0">
  <testcase name="testMethod2" time="0.220" classname="testclasses.TestNGEnableTimeout"/>
  <system-out/>
  <testcase name="testMethod1" classname="testclasses.TestNGEnableTimeout">
    <skipped/>
  </testcase> <!-- testMethod1 -->
  <system-out/>
</testsuite> <!-- testclasses.TestNGEnableTimeout -->
