<?xml version="1.0" encoding="UTF-8"?>
<!-- Generated by org.testng.reporters.JUnitReportReporter -->
<testsuite skipped="0" hostname="TC-MacbookAir" name="testclasses.TestNGParallell2" tests="2" failures="0" timestamp="2020-07-14T15:21:37 EDT" time="12.013" errors="0">
  <testcase name="testMethod1" time="6.005" classname="testclasses.TestNGParallell2"/>
  <system-out/>
  <testcase name="testMethod2" time="6.008" classname="testclasses.TestNGParallell2"/>
  <system-out/>
</testsuite> <!-- testclasses.TestNGParallell2 -->
