<?xml version="1.0" encoding="UTF-8"?>
<!-- Generated by org.testng.reporters.JUnitReportReporter -->
<testsuite skipped="0" hostname="TC-MacbookAir" name="testclasses.TestNGPreserve1" tests="4" failures="0" timestamp="2020-07-13T16:00:51 EDT" time="0.014" errors="0">
  <testcase name="testMethod1" time="0.002" classname="testclasses.TestNGPreserve1"/>
  <system-out/>
  <testcase name="testMethod1" time="0.007" classname="testclasses.TestNGPreserve1"/>
  <system-out/>
  <testcase name="testMethod2" time="0.003" classname="testclasses.TestNGPreserve1"/>
  <system-out/>
  <testcase name="testMethod2" time="0.002" classname="testclasses.TestNGPreserve1"/>
  <system-out/>
</testsuite> <!-- testclasses.TestNGPreserve1 -->
