<?xml version="1.0" encoding="UTF-8"?>
<!-- Generated by org.testng.reporters.JUnitReportReporter -->
<testsuite skipped="0" hostname="TC-MacbookAir" name="testclasses.TestNGBeforeClassAnnotations" tests="2" failures="0" timestamp="2020-07-08T11:42:52 EDT" time="0.025" errors="0">
  <testcase name="testMethod2" time="0.010" classname="testclasses.TestNGBeforeClassAnnotations"/>
  <system-out/>
  <testcase name="testMethod1" time="0.015" classname="testclasses.TestNGBeforeClassAnnotations"/>
  <system-out/>
</testsuite> <!-- testclasses.TestNGBeforeClassAnnotations -->
