<?xml version="1.0" encoding="UTF-8"?>
<!-- Generated by org.testng.reporters.JUnitReportReporter -->
<testsuite skipped="0" hostname="TC-MacbookAir" name="regressionsuite.TestNGTestClass2" tests="2" failures="0" timestamp="2020-07-09T19:38:24 EDT" time="0.009" errors="0">
  <testcase name="testMethod2" time="0.004" classname="regressionsuite.TestNGTestClass2"/>
  <system-out/>
  <testcase name="testMethod1" time="0.005" classname="regressionsuite.TestNGTestClass2"/>
  <system-out/>
</testsuite> <!-- regressionsuite.TestNGTestClass2 -->
