<?xml version="1.0" encoding="UTF-8"?>
<!-- Generated by org.testng.reporters.JUnitReportReporter -->
<testsuite skipped="0" hostname="TC-MacbookAir" name="testclasses.TestNGParameters" tests="1" failures="0" timestamp="2020-07-14T12:31:20 EDT" time="0.011" errors="0">
  <testcase name="testMethod1" time="0.011" classname="testclasses.TestNGParameters"/>
  <system-out/>
</testsuite> <!-- testclasses.TestNGParameters -->
