<?xml version="1.0" encoding="UTF-8"?>
<!-- Generated by org.testng.reporters.JUnitReportReporter -->
<testsuite skipped="0" hostname="TC-MacbookAir" name="testclasses.TestNGPriority" tests="3" failures="0" timestamp="2020-07-10T13:21:04 EDT" time="0.021" errors="0">
  <testcase name="test3" time="0.012" classname="testclasses.TestNGPriority"/>
  <system-out/>
  <testcase name="test1" time="0.002" classname="testclasses.TestNGPriority"/>
  <system-out/>
  <testcase name="test2" time="0.007" classname="testclasses.TestNGPriority"/>
  <system-out/>
</testsuite> <!-- testclasses.TestNGPriority -->
