<?xml version="1.0" encoding="UTF-8"?>
<!-- Generated by org.testng.reporters.JUnitReportReporter -->
<testsuite skipped="0" hostname="TC-MacbookAir" name="testclasses.TestNGTestClass1" tests="2" failures="0" timestamp="2020-07-08T11:56:47 EDT" time="0.021" errors="0">
  <testcase name="testMethod1" time="0.015" classname="testclasses.TestNGTestClass1"/>
  <system-out/>
  <testcase name="testMethod2" time="0.006" classname="testclasses.TestNGTestClass1"/>
  <system-out/>
</testsuite> <!-- testclasses.TestNGTestClass1 -->
