<?xml version="1.0" encoding="UTF-8"?>
<!-- Generated by org.testng.reporters.JUnitReportReporter -->
<testsuite skipped="0" hostname="TC-MacbookAir" name="regressionsuite.TestNGTestClass1" tests="2" failures="0" timestamp="2020-07-09T11:24:27 EDT" time="0.036" errors="0">
  <testcase name="testMethod2" time="0.011" classname="regressionsuite.TestNGTestClass1"/>
  <system-out/>
  <testcase name="testMethod1" time="0.025" classname="regressionsuite.TestNGTestClass1"/>
  <system-out/>
</testsuite> <!-- regressionsuite.TestNGTestClass1 -->
