<?xml version="1.0" encoding="UTF-8"?>
<!-- Generated by org.testng.reporters.JUnitReportReporter -->
<testsuite skipped="0" hostname="TC-MacbookAir" name="testclasses.TestNGTestClass2" tests="2" failures="0" timestamp="2020-07-08T11:56:47 EDT" time="0.004" errors="0">
  <testcase name="testMethod2" time="0.002" classname="testclasses.TestNGTestClass2"/>
  <system-out/>
  <testcase name="testMethod1" time="0.002" classname="testclasses.TestNGTestClass2"/>
  <system-out/>
</testsuite> <!-- testclasses.TestNGTestClass2 -->
