<?xml version="1.0" encoding="UTF-8"?>
<!-- Generated by org.testng.reporters.JUnitReportReporter -->
<testsuite hostname="DESKTOP-GK9NPT3" failures="0" tests="1" name="pageClasses.NoFrameworkTest" time="94.655" errors="0" timestamp="2020-09-23T15:12:25 EDT" skipped="0">
  <testcase classname="pageClasses.NoFrameworkTest" name="test" time="94.655"/>
  <system-out/>
</testsuite> <!-- pageClasses.NoFrameworkTest -->
